processed file: C:\Program Files (x86)\i2p
processed file: C:\Program Files (x86)\i2p\blocklist.txt
processed file: C:\Program Files (x86)\i2p\certificates
processed file: C:\Program Files (x86)\i2p\clients.config
processed file: C:\Program Files (x86)\i2p\docs
processed file: C:\Program Files (x86)\i2p\eepget.bat
processed file: C:\Program Files (x86)\i2p\eepsite
processed file: C:\Program Files (x86)\i2p\fixperms.bat
processed file: C:\Program Files (x86)\i2p\fixperms.log
processed file: C:\Program Files (x86)\i2p\geoip
processed file: C:\Program Files (x86)\i2p\history.txt
processed file: C:\Program Files (x86)\i2p\hosts.txt
processed file: C:\Program Files (x86)\i2p\i2p.exe
processed file: C:\Program Files (x86)\i2p\i2prouter.bat
processed file: C:\Program Files (x86)\i2p\i2psnark.config
processed file: C:\Program Files (x86)\i2p\I2Psvc.exe
processed file: C:\Program Files (x86)\i2p\i2ptunnel.config
processed file: C:\Program Files (x86)\i2p\icons
processed file: C:\Program Files (x86)\i2p\install_i2p_service_winnt.bat
processed file: C:\Program Files (x86)\i2p\lib
processed file: C:\Program Files (x86)\i2p\LICENSE.txt
processed file: C:\Program Files (x86)\i2p\licenses
processed file: C:\Program Files (x86)\i2p\scripts
processed file: C:\Program Files (x86)\i2p\set_config_dir_for_nt_service.bat
processed file: C:\Program Files (x86)\i2p\systray.config
processed file: C:\Program Files (x86)\i2p\uninstall_i2p_service_winnt.bat
processed file: C:\Program Files (x86)\i2p\utility.jar
processed file: C:\Program Files (x86)\i2p\webapps
processed file: C:\Program Files (x86)\i2p\wrapper.config
processed file: C:\Program Files (x86)\i2p\certificates\family
processed file: C:\Program Files (x86)\i2p\certificates\i2cp
processed file: C:\Program Files (x86)\i2p\certificates\i2ptunnel
processed file: C:\Program Files (x86)\i2p\certificates\news
processed file: C:\Program Files (x86)\i2p\certificates\plugin
processed file: C:\Program Files (x86)\i2p\certificates\reseed
processed file: C:\Program Files (x86)\i2p\certificates\revocations
processed file: C:\Program Files (x86)\i2p\certificates\router
processed file: C:\Program Files (x86)\i2p\certificates\ssl
processed file: C:\Program Files (x86)\i2p\certificates\family\i2p-dev.crt
processed file: C:\Program Files (x86)\i2p\certificates\family\i2pd-dev.crt
processed file: C:\Program Files (x86)\i2p\certificates\family\volatile.crt
processed file: C:\Program Files (x86)\i2p\certificates\news\ampernand_at_gmail.com.crt
processed file: C:\Program Files (x86)\i2p\certificates\news\echelon_at_mail.i2p.crt
processed file: C:\Program Files (x86)\i2p\certificates\news\str4d_at_mail.i2p.crt
processed file: C:\Program Files (x86)\i2p\certificates\news\zzz_at_mail.i2p.crt
processed file: C:\Program Files (x86)\i2p\certificates\plugin\cacapo_at_mail.i2p.crt
processed file: C:\Program Files (x86)\i2p\certificates\plugin\str4d_at_mail.i2p.crt
processed file: C:\Program Files (x86)\i2p\certificates\plugin\zzz-plugin_at_mail.i2p.crt
processed file: C:\Program Files (x86)\i2p\certificates\reseed\backup_at_mail.i2p.crt
processed file: C:\Program Files (x86)\i2p\certificates\reseed\bugme_at_mail.i2p.crt
processed file: C:\Program Files (x86)\i2p\certificates\reseed\echelon_at_mail.i2p.crt
processed file: C:\Program Files (x86)\i2p\certificates\reseed\meeh_at_mail.i2p.crt
processed file: C:\Program Files (x86)\i2p\certificates\reseed\parg_at_mail.i2p.crt
processed file: C:\Program Files (x86)\i2p\certificates\reseed\zmx_at_mail.i2p.crt
processed file: C:\Program Files (x86)\i2p\certificates\router\echelon_at_mail.i2p.crt
processed file: C:\Program Files (x86)\i2p\certificates\router\str4d_at_mail.i2p.crt
processed file: C:\Program Files (x86)\i2p\certificates\router\zzz_at_mail.i2p.crt
processed file: C:\Program Files (x86)\i2p\certificates\ssl\download.xxlspeed.com.crt
processed file: C:\Program Files (x86)\i2p\certificates\ssl\i2p.mooo.com.crt
processed file: C:\Program Files (x86)\i2p\certificates\ssl\netdb.i2p2.no.crt
processed file: C:\Program Files (x86)\i2p\certificates\ssl\reseed.i2p-projekt.de.crt
processed file: C:\Program Files (x86)\i2p\certificates\ssl\reseed.i2p.vzaws.com.crt
processed file: C:\Program Files (x86)\i2p\certificates\ssl\uk.reseed.i2p2.no.crt
processed file: C:\Program Files (x86)\i2p\certificates\ssl\us.reseed.i2p2.no.crt
processed file: C:\Program Files (x86)\i2p\certificates\ssl\user.mx24.eu.crt
processed file: C:\Program Files (x86)\i2p\docs\ahelper-conflict-header.ht
processed file: C:\Program Files (x86)\i2p\docs\ahelper-new-header.ht
processed file: C:\Program Files (x86)\i2p\docs\ahelper-notfound-header.ht
processed file: C:\Program Files (x86)\i2p\docs\auth-header.ht
processed file: C:\Program Files (x86)\i2p\docs\baduri-header.ht
processed file: C:\Program Files (x86)\i2p\docs\console.ico
processed file: C:\Program Files (x86)\i2p\docs\denied-header.ht
processed file: C:\Program Files (x86)\i2p\docs\dnf-header.ht
processed file: C:\Program Files (x86)\i2p\docs\dnfb-header.ht
processed file: C:\Program Files (x86)\i2p\docs\dnfh-header.ht
processed file: C:\Program Files (x86)\i2p\docs\dnfp-header.ht
processed file: C:\Program Files (x86)\i2p\docs\enc-header.ht
processed file: C:\Program Files (x86)\i2p\docs\encp-header.ht
processed file: C:\Program Files (x86)\i2p\docs\icons
processed file: C:\Program Files (x86)\i2p\docs\initialNews
processed file: C:\Program Files (x86)\i2p\docs\localhost-header.ht
processed file: C:\Program Files (x86)\i2p\docs\nols-header.ht
processed file: C:\Program Files (x86)\i2p\docs\nolsp-header.ht
processed file: C:\Program Files (x86)\i2p\docs\noproxy-header.ht
processed file: C:\Program Files (x86)\i2p\docs\protocol-header.ht
processed file: C:\Program Files (x86)\i2p\docs\readme.html
processed file: C:\Program Files (x86)\i2p\docs\readme_ar.html
processed file: C:\Program Files (x86)\i2p\docs\readme_de.html
processed file: C:\Program Files (x86)\i2p\docs\readme_es.html
processed file: C:\Program Files (x86)\i2p\docs\readme_fr.html
processed file: C:\Program Files (x86)\i2p\docs\readme_nl.html
processed file: C:\Program Files (x86)\i2p\docs\readme_pt.html
processed file: C:\Program Files (x86)\i2p\docs\readme_ru.html
processed file: C:\Program Files (x86)\i2p\docs\readme_sv.html
processed file: C:\Program Files (x86)\i2p\docs\readme_zh.html
processed file: C:\Program Files (x86)\i2p\docs\reset-header.ht
processed file: C:\Program Files (x86)\i2p\docs\resetp-header.ht
processed file: C:\Program Files (x86)\i2p\docs\start.ico
processed file: C:\Program Files (x86)\i2p\docs\startconsole.html
processed file: C:\Program Files (x86)\i2p\docs\themes
processed file: C:\Program Files (x86)\i2p\docs\uninstall.ico
processed file: C:\Program Files (x86)\i2p\docs\icons\flags
processed file: C:\Program Files (x86)\i2p\docs\icons\flags\a1.png
processed file: C:\Program Files (x86)\i2p\docs\icons\flags\a2.png
processed file: C:\Program Files (x86)\i2p\docs\icons\flags\ad.png
processed file: C:\Program Files (x86)\i2p\docs\icons\flags\ae.png
processed file: C:\Program Files (x86)\i2p\docs\icons\flags\af.png
processed file: C:\Program Files (x86)\i2p\docs\icons\flags\ag.png
processed file: C:\Program Files (x86)\i2p\docs\icons\flags\ai.png
processed file: C:\Program Files (x86)\i2p\docs\icons\flags\al.png
processed file: C:\Program Files (x86)\i2p\docs\icons\flags\am.png
processed file: C:\Program Files (x86)\i2p\docs\icons\flags\an.png
processed file: C:\Program Files (x86)\i2p\docs\icons\flags\ao.png
processed file: C:\Program Files (x86)\i2p\docs\icons\flags\ap.png
processed file: C:\Program Files (x86)\i2p\docs\icons\flags\ar.png
processed file: C:\Program Files (x86)\i2p\docs\icons\flags\as.png
processed file: C:\Program Files (x86)\i2p\docs\icons\flags\at.png
processed file: C:\Program Files (x86)\i2p\docs\icons\flags\au.png
processed file: C:\Program Files (x86)\i2p\docs\icons\flags\aw.png
processed file: C:\Program Files (x86)\i2p\docs\icons\flags\ax.png
processed file: C:\Program Files (x86)\i2p\docs\icons\flags\az.png
processed file: C:\Program Files (x86)\i2p\docs\icons\flags\ba.png
processed file: C:\Program Files (x86)\i2p\docs\icons\flags\bb.png
processed file: C:\Program Files (x86)\i2p\docs\icons\flags\bd.png
processed file: C:\Program Files (x86)\i2p\docs\icons\flags\be.png
processed file: C:\Program Files (x86)\i2p\docs\icons\flags\bf.png
processed file: C:\Program Files (x86)\i2p\docs\icons\flags\bg.png
processed file: C:\Program Files (x86)\i2p\docs\icons\flags\bh.png
processed file: C:\Program Files (x86)\i2p\docs\icons\flags\bi.png
processed file: C:\Program Files (x86)\i2p\docs\icons\flags\bj.png
processed file: C:\Program Files (x86)\i2p\docs\icons\flags\bl.png
processed file: C:\Program Files (x86)\i2p\docs\icons\flags\bm.png
processed file: C:\Program Files (x86)\i2p\docs\icons\flags\bn.png
processed file: C:\Program Files (x86)\i2p\docs\icons\flags\bo.png
processed file: C:\Program Files (x86)\i2p\docs\icons\flags\bq.png
processed file: C:\Program Files (x86)\i2p\docs\icons\flags\br.png
processed file: C:\Program Files (x86)\i2p\docs\icons\flags\bs.png
processed file: C:\Program Files (x86)\i2p\docs\icons\flags\bt.png
processed file: C:\Program Files (x86)\i2p\docs\icons\flags\bv.png
processed file: C:\Program Files (x86)\i2p\docs\icons\flags\bw.png
processed file: C:\Program Files (x86)\i2p\docs\icons\flags\by.png
processed file: C:\Program Files (x86)\i2p\docs\icons\flags\bz.png
processed file: C:\Program Files (x86)\i2p\docs\icons\flags\ca.png
processed file: C:\Program Files (x86)\i2p\docs\icons\flags\cc.png
processed file: C:\Program Files (x86)\i2p\docs\icons\flags\cd.png
processed file: C:\Program Files (x86)\i2p\docs\icons\flags\cf.png
processed file: C:\Program Files (x86)\i2p\docs\icons\flags\cg.png
processed file: C:\Program Files (x86)\i2p\docs\icons\flags\ch.png
processed file: C:\Program Files (x86)\i2p\docs\icons\flags\ci.png
processed file: C:\Program Files (x86)\i2p\docs\icons\flags\ck.png
processed file: C:\Program Files (x86)\i2p\docs\icons\flags\cl.png
processed file: C:\Program Files (x86)\i2p\docs\icons\flags\cm.png
processed file: C:\Program Files (x86)\i2p\docs\icons\flags\cn.png
processed file: C:\Program Files (x86)\i2p\docs\icons\flags\co.png
processed file: C:\Program Files (x86)\i2p\docs\icons\flags\cr.png
processed file: C:\Program Files (x86)\i2p\docs\icons\flags\cs.png
processed file: C:\Program Files (x86)\i2p\docs\icons\flags\cu.png
processed file: C:\Program Files (x86)\i2p\docs\icons\flags\cv.png
processed file: C:\Program Files (x86)\i2p\docs\icons\flags\cw.png
processed file: C:\Program Files (x86)\i2p\docs\icons\flags\cx.png
processed file: C:\Program Files (x86)\i2p\docs\icons\flags\cy.png
processed file: C:\Program Files (x86)\i2p\docs\icons\flags\cz.png
processed file: C:\Program Files (x86)\i2p\docs\icons\flags\de.png
processed file: C:\Program Files (x86)\i2p\docs\icons\flags\dj.png
processed file: C:\Program Files (x86)\i2p\docs\icons\flags\dk.png
processed file: C:\Program Files (x86)\i2p\docs\icons\flags\dm.png
processed file: C:\Program Files (x86)\i2p\docs\icons\flags\do.png
processed file: C:\Program Files (x86)\i2p\docs\icons\flags\dz.png
processed file: C:\Program Files (x86)\i2p\docs\icons\flags\ec.png
processed file: C:\Program Files (x86)\i2p\docs\icons\flags\ee.png
processed file: C:\Program Files (x86)\i2p\docs\icons\flags\eg.png
processed file: C:\Program Files (x86)\i2p\docs\icons\flags\eh.png
processed file: C:\Program Files (x86)\i2p\docs\icons\flags\er.png
processed file: C:\Program Files (x86)\i2p\docs\icons\flags\es.png
processed file: C:\Program Files (x86)\i2p\docs\icons\flags\et.png
processed file: C:\Program Files (x86)\i2p\docs\icons\flags\eu.png
processed file: C:\Program Files (x86)\i2p\docs\icons\flags\fi.png
processed file: C:\Program Files (x86)\i2p\docs\icons\flags\fj.png
processed file: C:\Program Files (x86)\i2p\docs\icons\flags\fk.png
processed file: C:\Program Files (x86)\i2p\docs\icons\flags\fm.png
processed file: C:\Program Files (x86)\i2p\docs\icons\flags\fo.png
processed file: C:\Program Files (x86)\i2p\docs\icons\flags\fr.png
processed file: C:\Program Files (x86)\i2p\docs\icons\flags\ga.png
processed file: C:\Program Files (x86)\i2p\docs\icons\flags\gb.png
processed file: C:\Program Files (x86)\i2p\docs\icons\flags\gd.png
processed file: C:\Program Files (x86)\i2p\docs\icons\flags\ge.png
processed file: C:\Program Files (x86)\i2p\docs\icons\flags\gf.png
processed file: C:\Program Files (x86)\i2p\docs\icons\flags\gg.png
processed file: C:\Program Files (x86)\i2p\docs\icons\flags\gh.png
processed file: C:\Program Files (x86)\i2p\docs\icons\flags\gi.png
processed file: C:\Program Files (x86)\i2p\docs\icons\flags\gl.png
processed file: C:\Program Files (x86)\i2p\docs\icons\flags\gm.png
processed file: C:\Program Files (x86)\i2p\docs\icons\flags\gn.png
processed file: C:\Program Files (x86)\i2p\docs\icons\flags\gp.png
processed file: C:\Program Files (x86)\i2p\docs\icons\flags\gq.png
processed file: C:\Program Files (x86)\i2p\docs\icons\flags\gr.png
processed file: C:\Program Files (x86)\i2p\docs\icons\flags\gs.png
processed file: C:\Program Files (x86)\i2p\docs\icons\flags\gt.png
processed file: C:\Program Files (x86)\i2p\docs\icons\flags\gu.png
processed file: C:\Program Files (x86)\i2p\docs\icons\flags\gw.png
processed file: C:\Program Files (x86)\i2p\docs\icons\flags\gy.png
processed file: C:\Program Files (x86)\i2p\docs\icons\flags\hk.png
processed file: C:\Program Files (x86)\i2p\docs\icons\flags\hm.png
processed file: C:\Program Files (x86)\i2p\docs\icons\flags\hn.png
processed file: C:\Program Files (x86)\i2p\docs\icons\flags\hr.png
processed file: C:\Program Files (x86)\i2p\docs\icons\flags\ht.png
processed file: C:\Program Files (x86)\i2p\docs\icons\flags\hu.png
processed file: C:\Program Files (x86)\i2p\docs\icons\flags\id.png
processed file: C:\Program Files (x86)\i2p\docs\icons\flags\ie.png
processed file: C:\Program Files (x86)\i2p\docs\icons\flags\il.png
processed file: C:\Program Files (x86)\i2p\docs\icons\flags\im.png
processed file: C:\Program Files (x86)\i2p\docs\icons\flags\in.png
processed file: C:\Program Files (x86)\i2p\docs\icons\flags\io.png
processed file: C:\Program Files (x86)\i2p\docs\icons\flags\iq.png
processed file: C:\Program Files (x86)\i2p\docs\icons\flags\ir.png
processed file: C:\Program Files (x86)\i2p\docs\icons\flags\is.png
processed file: C:\Program Files (x86)\i2p\docs\icons\flags\it.png
processed file: C:\Program Files (x86)\i2p\docs\icons\flags\je.png
processed file: C:\Program Files (x86)\i2p\docs\icons\flags\jm.png
processed file: C:\Program Files (x86)\i2p\docs\icons\flags\jo.png
processed file: C:\Program Files (x86)\i2p\docs\icons\flags\jp.png
processed file: C:\Program Files (x86)\i2p\docs\icons\flags\ke.png
processed file: C:\Program Files (x86)\i2p\docs\icons\flags\kg.png
processed file: C:\Program Files (x86)\i2p\docs\icons\flags\kh.png
processed file: C:\Program Files (x86)\i2p\docs\icons\flags\ki.png
processed file: C:\Program Files (x86)\i2p\docs\icons\flags\km.png
processed file: C:\Program Files (x86)\i2p\docs\icons\flags\kn.png
processed file: C:\Program Files (x86)\i2p\docs\icons\flags\kp.png
processed file: C:\Program Files (x86)\i2p\docs\icons\flags\kr.png
processed file: C:\Program Files (x86)\i2p\docs\icons\flags\kw.png
processed file: C:\Program Files (x86)\i2p\docs\icons\flags\ky.png
processed file: C:\Program Files (x86)\i2p\docs\icons\flags\kz.png
processed file: C:\Program Files (x86)\i2p\docs\icons\flags\la.png
processed file: C:\Program Files (x86)\i2p\docs\icons\flags\lang_ar.png
processed file: C:\Program Files (x86)\i2p\docs\icons\flags\lb.png
processed file: C:\Program Files (x86)\i2p\docs\icons\flags\lc.png
processed file: C:\Program Files (x86)\i2p\docs\icons\flags\li.png
processed file: C:\Program Files (x86)\i2p\docs\icons\flags\lk.png
processed file: C:\Program Files (x86)\i2p\docs\icons\flags\lr.png
processed file: C:\Program Files (x86)\i2p\docs\icons\flags\ls.png
processed file: C:\Program Files (x86)\i2p\docs\icons\flags\lt.png
processed file: C:\Program Files (x86)\i2p\docs\icons\flags\lu.png
processed file: C:\Program Files (x86)\i2p\docs\icons\flags\lv.png
processed file: C:\Program Files (x86)\i2p\docs\icons\flags\ly.png
processed file: C:\Program Files (x86)\i2p\docs\icons\flags\ma.png
processed file: C:\Program Files (x86)\i2p\docs\icons\flags\mc.png
processed file: C:\Program Files (x86)\i2p\docs\icons\flags\md.png
processed file: C:\Program Files (x86)\i2p\docs\icons\flags\me.png
processed file: C:\Program Files (x86)\i2p\docs\icons\flags\mg.png
processed file: C:\Program Files (x86)\i2p\docs\icons\flags\mh.png
processed file: C:\Program Files (x86)\i2p\docs\icons\flags\mk.png
processed file: C:\Program Files (x86)\i2p\docs\icons\flags\ml.png
processed file: C:\Program Files (x86)\i2p\docs\icons\flags\mm.png
processed file: C:\Program Files (x86)\i2p\docs\icons\flags\mn.png
processed file: C:\Program Files (x86)\i2p\docs\icons\flags\mo.png
processed file: C:\Program Files (x86)\i2p\docs\icons\flags\mp.png
processed file: C:\Program Files (x86)\i2p\docs\icons\flags\mq.png
processed file: C:\Program Files (x86)\i2p\docs\icons\flags\mr.png
processed file: C:\Program Files (x86)\i2p\docs\icons\flags\ms.png
processed file: C:\Program Files (x86)\i2p\docs\icons\flags\mt.png
processed file: C:\Program Files (x86)\i2p\docs\icons\flags\mu.png
processed file: C:\Program Files (x86)\i2p\docs\icons\flags\mv.png
processed file: C:\Program Files (x86)\i2p\docs\icons\flags\mw.png
processed file: C:\Program Files (x86)\i2p\docs\icons\flags\mx.png
processed file: C:\Program Files (x86)\i2p\docs\icons\flags\my.png
processed file: C:\Program Files (x86)\i2p\docs\icons\flags\mz.png
processed file: C:\Program Files (x86)\i2p\docs\icons\flags\na.png
processed file: C:\Program Files (x86)\i2p\docs\icons\flags\nc.png
processed file: C:\Program Files (x86)\i2p\docs\icons\flags\ne.png
processed file: C:\Program Files (x86)\i2p\docs\icons\flags\nf.png
processed file: C:\Program Files (x86)\i2p\docs\icons\flags\ng.png
processed file: C:\Program Files (x86)\i2p\docs\icons\flags\ni.png
processed file: C:\Program Files (x86)\i2p\docs\icons\flags\nl.png
processed file: C:\Program Files (x86)\i2p\docs\icons\flags\no.png
processed file: C:\Program Files (x86)\i2p\docs\icons\flags\np.png
processed file: C:\Program Files (x86)\i2p\docs\icons\flags\nr.png
processed file: C:\Program Files (x86)\i2p\docs\icons\flags\nu.png
processed file: C:\Program Files (x86)\i2p\docs\icons\flags\nz.png
processed file: C:\Program Files (x86)\i2p\docs\icons\flags\om.png
processed file: C:\Program Files (x86)\i2p\docs\icons\flags\pa.png
processed file: C:\Program Files (x86)\i2p\docs\icons\flags\pe.png
processed file: C:\Program Files (x86)\i2p\docs\icons\flags\pf.png
processed file: C:\Program Files (x86)\i2p\docs\icons\flags\pg.png
processed file: C:\Program Files (x86)\i2p\docs\icons\flags\ph.png
processed file: C:\Program Files (x86)\i2p\docs\icons\flags\pk.png
processed file: C:\Program Files (x86)\i2p\docs\icons\flags\pl.png
processed file: C:\Program Files (x86)\i2p\docs\icons\flags\pm.png
processed file: C:\Program Files (x86)\i2p\docs\icons\flags\pn.png
processed file: C:\Program Files (x86)\i2p\docs\icons\flags\pr.png
processed file: C:\Program Files (x86)\i2p\docs\icons\flags\ps.png
processed file: C:\Program Files (x86)\i2p\docs\icons\flags\pt.png
processed file: C:\Program Files (x86)\i2p\docs\icons\flags\pw.png
processed file: C:\Program Files (x86)\i2p\docs\icons\flags\py.png
processed file: C:\Program Files (x86)\i2p\docs\icons\flags\qa.png
processed file: C:\Program Files (x86)\i2p\docs\icons\flags\re.png
processed file: C:\Program Files (x86)\i2p\docs\icons\flags\ro.png
processed file: C:\Program Files (x86)\i2p\docs\icons\flags\rs.png
processed file: C:\Program Files (x86)\i2p\docs\icons\flags\ru.png
processed file: C:\Program Files (x86)\i2p\docs\icons\flags\rw.png
processed file: C:\Program Files (x86)\i2p\docs\icons\flags\sa.png
processed file: C:\Program Files (x86)\i2p\docs\icons\flags\sb.png
processed file: C:\Program Files (x86)\i2p\docs\icons\flags\sc.png
processed file: C:\Program Files (x86)\i2p\docs\icons\flags\sd.png
processed file: C:\Program Files (x86)\i2p\docs\icons\flags\se.png
processed file: C:\Program Files (x86)\i2p\docs\icons\flags\sg.png
processed file: C:\Program Files (x86)\i2p\docs\icons\flags\sh.png
processed file: C:\Program Files (x86)\i2p\docs\icons\flags\si.png
processed file: C:\Program Files (x86)\i2p\docs\icons\flags\sj.png
processed file: C:\Program Files (x86)\i2p\docs\icons\flags\sk.png
processed file: C:\Program Files (x86)\i2p\docs\icons\flags\sl.png
processed file: C:\Program Files (x86)\i2p\docs\icons\flags\sm.png
processed file: C:\Program Files (x86)\i2p\docs\icons\flags\sn.png
processed file: C:\Program Files (x86)\i2p\docs\icons\flags\so.png
processed file: C:\Program Files (x86)\i2p\docs\icons\flags\sr.png
processed file: C:\Program Files (x86)\i2p\docs\icons\flags\ss.png
processed file: C:\Program Files (x86)\i2p\docs\icons\flags\st.png
processed file: C:\Program Files (x86)\i2p\docs\icons\flags\sv.png
processed file: C:\Program Files (x86)\i2p\docs\icons\flags\sx.png
processed file: C:\Program Files (x86)\i2p\docs\icons\flags\sy.png
processed file: C:\Program Files (x86)\i2p\docs\icons\flags\sz.png
processed file: C:\Program Files (x86)\i2p\docs\icons\flags\tc.png
processed file: C:\Program Files (x86)\i2p\docs\icons\flags\td.png
processed file: C:\Program Files (x86)\i2p\docs\icons\flags\tf.png
processed file: C:\Program Files (x86)\i2p\docs\icons\flags\tg.png
processed file: C:\Program Files (x86)\i2p\docs\icons\flags\th.png
processed file: C:\Program Files (x86)\i2p\docs\icons\flags\tj.png
processed file: C:\Program Files (x86)\i2p\docs\icons\flags\tk.png
processed file: C:\Program Files (x86)\i2p\docs\icons\flags\tl.png
processed file: C:\Program Files (x86)\i2p\docs\icons\flags\tm.png
processed file: C:\Program Files (x86)\i2p\docs\icons\flags\tn.png
processed file: C:\Program Files (x86)\i2p\docs\icons\flags\to.png
processed file: C:\Program Files (x86)\i2p\docs\icons\flags\tr.png
processed file: C:\Program Files (x86)\i2p\docs\icons\flags\tt.png
processed file: C:\Program Files (x86)\i2p\docs\icons\flags\tv.png
processed file: C:\Program Files (x86)\i2p\docs\icons\flags\tw.png
processed file: C:\Program Files (x86)\i2p\docs\icons\flags\tz.png
processed file: C:\Program Files (x86)\i2p\docs\icons\flags\ua.png
processed file: C:\Program Files (x86)\i2p\docs\icons\flags\ug.png
processed file: C:\Program Files (x86)\i2p\docs\icons\flags\um.png
processed file: C:\Program Files (x86)\i2p\docs\icons\flags\us.png
processed file: C:\Program Files (x86)\i2p\docs\icons\flags\uy.png
processed file: C:\Program Files (x86)\i2p\docs\icons\flags\uz.png
processed file: C:\Program Files (x86)\i2p\docs\icons\flags\va.png
processed file: C:\Program Files (x86)\i2p\docs\icons\flags\vc.png
processed file: C:\Program Files (x86)\i2p\docs\icons\flags\ve.png
processed file: C:\Program Files (x86)\i2p\docs\icons\flags\vg.png
processed file: C:\Program Files (x86)\i2p\docs\icons\flags\vi.png
processed file: C:\Program Files (x86)\i2p\docs\icons\flags\vn.png
processed file: C:\Program Files (x86)\i2p\docs\icons\flags\vu.png
processed file: C:\Program Files (x86)\i2p\docs\icons\flags\wf.png
processed file: C:\Program Files (x86)\i2p\docs\icons\flags\ws.png
processed file: C:\Program Files (x86)\i2p\docs\icons\flags\ye.png
processed file: C:\Program Files (x86)\i2p\docs\icons\flags\yt.png
processed file: C:\Program Files (x86)\i2p\docs\icons\flags\za.png
processed file: C:\Program Files (x86)\i2p\docs\icons\flags\zm.png
processed file: C:\Program Files (x86)\i2p\docs\icons\flags\zw.png
processed file: C:\Program Files (x86)\i2p\docs\initialNews\initialNews.xml
processed file: C:\Program Files (x86)\i2p\docs\themes\console
processed file: C:\Program Files (x86)\i2p\docs\themes\snark
processed file: C:\Program Files (x86)\i2p\docs\themes\susidns
processed file: C:\Program Files (x86)\i2p\docs\themes\susimail
processed file: C:\Program Files (x86)\i2p\docs\themes\console\classic
processed file: C:\Program Files (x86)\i2p\docs\themes\console\dark
processed file: C:\Program Files (x86)\i2p\docs\themes\console\images
processed file: C:\Program Files (x86)\i2p\docs\themes\console\light
processed file: C:\Program Files (x86)\i2p\docs\themes\console\midnight
processed file: C:\Program Files (x86)\i2p\docs\themes\console\classic\console.css
processed file: C:\Program Files (x86)\i2p\docs\themes\console\classic\console_big.css
processed file: C:\Program Files (x86)\i2p\docs\themes\console\classic\default.css
processed file: C:\Program Files (x86)\i2p\docs\themes\console\classic\i2ptunnel.css
processed file: C:\Program Files (x86)\i2p\docs\themes\console\classic\ieshim.css
processed file: C:\Program Files (x86)\i2p\docs\themes\console\classic\images
processed file: C:\Program Files (x86)\i2p\docs\themes\console\classic\mobile.css
processed file: C:\Program Files (x86)\i2p\docs\themes\console\classic\images\favicon.ico
processed file: C:\Program Files (x86)\i2p\docs\themes\console\classic\images\i2plogo.png
processed file: C:\Program Files (x86)\i2p\docs\themes\console\classic\images\link.png
processed file: C:\Program Files (x86)\i2p\docs\themes\console\classic\images\move_bottom.png
processed file: C:\Program Files (x86)\i2p\docs\themes\console\classic\images\move_down.png
processed file: C:\Program Files (x86)\i2p\docs\themes\console\classic\images\move_top.png
processed file: C:\Program Files (x86)\i2p\docs\themes\console\classic\images\move_up.png
processed file: C:\Program Files (x86)\i2p\docs\themes\console\classic\images\newsbullet_mini.png
processed file: C:\Program Files (x86)\i2p\docs\themes\console\classic\images\newtab.png
processed file: C:\Program Files (x86)\i2p\docs\themes\console\classic\images\tinytitle.png
processed file: C:\Program Files (x86)\i2p\docs\themes\console\classic\images\titlebg.png
processed file: C:\Program Files (x86)\i2p\docs\themes\console\dark\console.css
processed file: C:\Program Files (x86)\i2p\docs\themes\console\dark\console_ar.css
processed file: C:\Program Files (x86)\i2p\docs\themes\console\dark\console_big.css
processed file: C:\Program Files (x86)\i2p\docs\themes\console\dark\default.css
processed file: C:\Program Files (x86)\i2p\docs\themes\console\dark\i2ptunnel.css
processed file: C:\Program Files (x86)\i2p\docs\themes\console\dark\images
processed file: C:\Program Files (x86)\i2p\docs\themes\console\dark\mobile.css
processed file: C:\Program Files (x86)\i2p\docs\themes\console\dark\images\camotile.png
processed file: C:\Program Files (x86)\i2p\docs\themes\console\dark\images\camotile2.png
processed file: C:\Program Files (x86)\i2p\docs\themes\console\dark\images\console_status_running.png
processed file: C:\Program Files (x86)\i2p\docs\themes\console\dark\images\console_status_starting.png
processed file: C:\Program Files (x86)\i2p\docs\themes\console\dark\images\console_status_stopped.png
processed file: C:\Program Files (x86)\i2p\docs\themes\console\dark\images\errortriangle.png
processed file: C:\Program Files (x86)\i2p\docs\themes\console\dark\images\favicon.ico
processed file: C:\Program Files (x86)\i2p\docs\themes\console\dark\images\header.png
processed file: C:\Program Files (x86)\i2p\docs\themes\console\dark\images\help_dark.png
processed file: C:\Program Files (x86)\i2p\docs\themes\console\dark\images\i2plogo.png
processed file: C:\Program Files (x86)\i2p\docs\themes\console\dark\images\info_dark.png
processed file: C:\Program Files (x86)\i2p\docs\themes\console\dark\images\link.png
processed file: C:\Program Files (x86)\i2p\docs\themes\console\dark\images\link_dark.png
processed file: C:\Program Files (x86)\i2p\docs\themes\console\dark\images\move_bottom.png
processed file: C:\Program Files (x86)\i2p\docs\themes\console\dark\images\move_down.png
processed file: C:\Program Files (x86)\i2p\docs\themes\console\dark\images\move_top.png
processed file: C:\Program Files (x86)\i2p\docs\themes\console\dark\images\move_up.png
processed file: C:\Program Files (x86)\i2p\docs\themes\console\dark\images\news.jpg
processed file: C:\Program Files (x86)\i2p\docs\themes\console\dark\images\news.png
processed file: C:\Program Files (x86)\i2p\docs\themes\console\dark\images\newsbullet_mini.png
processed file: C:\Program Files (x86)\i2p\docs\themes\console\dark\images\newtab.png
processed file: C:\Program Files (x86)\i2p\docs\themes\console\dark\images\scarface.jpg
processed file: C:\Program Files (x86)\i2p\docs\themes\console\dark\images\scarface.png
processed file: C:\Program Files (x86)\i2p\docs\themes\console\dark\images\tile.png
processed file: C:\Program Files (x86)\i2p\docs\themes\console\dark\images\transparent.gif
processed file: C:\Program Files (x86)\i2p\docs\themes\console\dark\images\warning_dark.png
processed file: C:\Program Files (x86)\i2p\docs\themes\console\images\accept.png
processed file: C:\Program Files (x86)\i2p\docs\themes\console\images\action_log.png
processed file: C:\Program Files (x86)\i2p\docs\themes\console\images\add.png
processed file: C:\Program Files (x86)\i2p\docs\themes\console\images\anoncoin_32.png
processed file: C:\Program Files (x86)\i2p\docs\themes\console\images\arrow_down.png
processed file: C:\Program Files (x86)\i2p\docs\themes\console\images\arrow_left.png
processed file: C:\Program Files (x86)\i2p\docs\themes\console\images\arrow_refresh.png
processed file: C:\Program Files (x86)\i2p\docs\themes\console\images\arrow_right.png
processed file: C:\Program Files (x86)\i2p\docs\themes\console\images\arrow_turn_left.png
processed file: C:\Program Files (x86)\i2p\docs\themes\console\images\arrow_up.png
processed file: C:\Program Files (x86)\i2p\docs\themes\console\images\billiard_marker.png
processed file: C:\Program Files (x86)\i2p\docs\themes\console\images\book_addresses.png
processed file: C:\Program Files (x86)\i2p\docs\themes\console\images\box_open.png
processed file: C:\Program Files (x86)\i2p\docs\themes\console\images\bug.png
processed file: C:\Program Files (x86)\i2p\docs\themes\console\images\cancel.png
processed file: C:\Program Files (x86)\i2p\docs\themes\console\images\chart_line.png
processed file: C:\Program Files (x86)\i2p\docs\themes\console\images\client.png
processed file: C:\Program Files (x86)\i2p\docs\themes\console\images\colomboicon.png
processed file: C:\Program Files (x86)\i2p\docs\themes\console\images\delete.png
processed file: C:\Program Files (x86)\i2p\docs\themes\console\images\education.png
processed file: C:\Program Files (x86)\i2p\docs\themes\console\images\eepsite.png
processed file: C:\Program Files (x86)\i2p\docs\themes\console\images\email.png
processed file: C:\Program Files (x86)\i2p\docs\themes\console\images\errortriangle.png
processed file: C:\Program Files (x86)\i2p\docs\themes\console\images\exchanged.png
processed file: C:\Program Files (x86)\i2p\docs\themes\console\images\favicon.ico
processed file: C:\Program Files (x86)\i2p\docs\themes\console\images\folder.png
processed file: C:\Program Files (x86)\i2p\docs\themes\console\images\git-logo.png
processed file: C:\Program Files (x86)\i2p\docs\themes\console\images\group.png
processed file: C:\Program Files (x86)\i2p\docs\themes\console\images\group_gear.png
processed file: C:\Program Files (x86)\i2p\docs\themes\console\images\hglogo32.png
processed file: C:\Program Files (x86)\i2p\docs\themes\console\images\home_page.png
processed file: C:\Program Files (x86)\i2p\docs\themes\console\images\i2plogo.png
processed file: C:\Program Files (x86)\i2p\docs\themes\console\images\i2pwiki_logo.png
processed file: C:\Program Files (x86)\i2p\docs\themes\console\images\ident_icon_blue.png
processed file: C:\Program Files (x86)\i2p\docs\themes\console\images\inbound.png
processed file: C:\Program Files (x86)\i2p\docs\themes\console\images\info_rhombus.png
processed file: C:\Program Files (x86)\i2p\docs\themes\console\images\itoopie_sm.png
processed file: C:\Program Files (x86)\i2p\docs\themes\console\images\itoopie_xsm.png
processed file: C:\Program Files (x86)\i2p\docs\themes\console\images\jisko_console_icon.png
processed file: C:\Program Files (x86)\i2p\docs\themes\console\images\lenta_main_logo.png
processed file: C:\Program Files (x86)\i2p\docs\themes\console\images\link.png
processed file: C:\Program Files (x86)\i2p\docs\themes\console\images\link_dark.png
processed file: C:\Program Files (x86)\i2p\docs\themes\console\images\local_down.png
processed file: C:\Program Files (x86)\i2p\docs\themes\console\images\local_inprogress.png
processed file: C:\Program Files (x86)\i2p\docs\themes\console\images\local_up.png
processed file: C:\Program Files (x86)\i2p\docs\themes\console\images\magnet.png
processed file: C:\Program Files (x86)\i2p\docs\themes\console\images\magnifier.png
processed file: C:\Program Files (x86)\i2p\docs\themes\console\images\open4you-logo.png
processed file: C:\Program Files (x86)\i2p\docs\themes\console\images\outbound.png
processed file: C:\Program Files (x86)\i2p\docs\themes\console\images\paste_plain.png
processed file: C:\Program Files (x86)\i2p\docs\themes\console\images\plugin.png
processed file: C:\Program Files (x86)\i2p\docs\themes\console\images\qr.png
processed file: C:\Program Files (x86)\i2p\docs\themes\console\images\question.png
processed file: C:\Program Files (x86)\i2p\docs\themes\console\images\salt_console.png
processed file: C:\Program Files (x86)\i2p\docs\themes\console\images\server.png
processed file: C:\Program Files (x86)\i2p\docs\themes\console\images\server_32x32.png
processed file: C:\Program Files (x86)\i2p\docs\themes\console\images\stop.png
processed file: C:\Program Files (x86)\i2p\docs\themes\console\images\support.png
processed file: C:\Program Files (x86)\i2p\docs\themes\console\images\television_delete.png
processed file: C:\Program Files (x86)\i2p\docs\themes\console\images\thetinhat.png
processed file: C:\Program Files (x86)\i2p\docs\themes\console\images\tick.png
processed file: C:\Program Files (x86)\i2p\docs\themes\console\images\title_window.png
processed file: C:\Program Files (x86)\i2p\docs\themes\console\images\toolbox.png
processed file: C:\Program Files (x86)\i2p\docs\themes\console\images\user_astronaut.png
processed file: C:\Program Files (x86)\i2p\docs\themes\console\images\world.png
processed file: C:\Program Files (x86)\i2p\docs\themes\console\images\wrench_orange.png
processed file: C:\Program Files (x86)\i2p\docs\themes\console\light\console.css
processed file: C:\Program Files (x86)\i2p\docs\themes\console\light\console_ar.css
processed file: C:\Program Files (x86)\i2p\docs\themes\console\light\console_big.css
processed file: C:\Program Files (x86)\i2p\docs\themes\console\light\default.css
processed file: C:\Program Files (x86)\i2p\docs\themes\console\light\i2ptunnel.css
processed file: C:\Program Files (x86)\i2p\docs\themes\console\light\images
processed file: C:\Program Files (x86)\i2p\docs\themes\console\light\mobile.css
processed file: C:\Program Files (x86)\i2p\docs\themes\console\light\images\console_status_running.png
processed file: C:\Program Files (x86)\i2p\docs\themes\console\light\images\console_status_starting.png
processed file: C:\Program Files (x86)\i2p\docs\themes\console\light\images\console_status_stopped.png
processed file: C:\Program Files (x86)\i2p\docs\themes\console\light\images\errortriangle.png
processed file: C:\Program Files (x86)\i2p\docs\themes\console\light\images\favicon.ico
processed file: C:\Program Files (x86)\i2p\docs\themes\console\light\images\header.png
processed file: C:\Program Files (x86)\i2p\docs\themes\console\light\images\header_on.png
processed file: C:\Program Files (x86)\i2p\docs\themes\console\light\images\help.png
processed file: C:\Program Files (x86)\i2p\docs\themes\console\light\images\i2plogo.png
processed file: C:\Program Files (x86)\i2p\docs\themes\console\light\images\info.png
processed file: C:\Program Files (x86)\i2p\docs\themes\console\light\images\itile.png
processed file: C:\Program Files (x86)\i2p\docs\themes\console\light\images\link.png
processed file: C:\Program Files (x86)\i2p\docs\themes\console\light\images\magic.png
processed file: C:\Program Files (x86)\i2p\docs\themes\console\light\images\move_bottom.png
processed file: C:\Program Files (x86)\i2p\docs\themes\console\light\images\move_down.png
processed file: C:\Program Files (x86)\i2p\docs\themes\console\light\images\move_top.png
processed file: C:\Program Files (x86)\i2p\docs\themes\console\light\images\move_up.png
processed file: C:\Program Files (x86)\i2p\docs\themes\console\light\images\newsbullet_mini.png
processed file: C:\Program Files (x86)\i2p\docs\themes\console\light\images\newtab.png
processed file: C:\Program Files (x86)\i2p\docs\themes\console\light\images\snowcamo.png
processed file: C:\Program Files (x86)\i2p\docs\themes\console\light\images\tabletitlelight.png
processed file: C:\Program Files (x86)\i2p\docs\themes\console\light\images\warning.png
processed file: C:\Program Files (x86)\i2p\docs\themes\console\midnight\console.css
processed file: C:\Program Files (x86)\i2p\docs\themes\console\midnight\console_big.css
processed file: C:\Program Files (x86)\i2p\docs\themes\console\midnight\default.css
processed file: C:\Program Files (x86)\i2p\docs\themes\console\midnight\i2ptunnel.css
processed file: C:\Program Files (x86)\i2p\docs\themes\console\midnight\ieshim.css
processed file: C:\Program Files (x86)\i2p\docs\themes\console\midnight\images
processed file: C:\Program Files (x86)\i2p\docs\themes\console\midnight\mobile.css
processed file: C:\Program Files (x86)\i2p\docs\themes\console\midnight\images\favicon.ico
processed file: C:\Program Files (x86)\i2p\docs\themes\console\midnight\images\h2bg.png
processed file: C:\Program Files (x86)\i2p\docs\themes\console\midnight\images\i2plogo.png
processed file: C:\Program Files (x86)\i2p\docs\themes\console\midnight\images\link.png
processed file: C:\Program Files (x86)\i2p\docs\themes\console\midnight\images\move_bottom.png
processed file: C:\Program Files (x86)\i2p\docs\themes\console\midnight\images\move_down.png
processed file: C:\Program Files (x86)\i2p\docs\themes\console\midnight\images\move_top.png
processed file: C:\Program Files (x86)\i2p\docs\themes\console\midnight\images\move_up.png
processed file: C:\Program Files (x86)\i2p\docs\themes\console\midnight\images\newsbullet_mini.png
processed file: C:\Program Files (x86)\i2p\docs\themes\console\midnight\images\newtab.png
processed file: C:\Program Files (x86)\i2p\docs\themes\console\midnight\images\planet.png
processed file: C:\Program Files (x86)\i2p\docs\themes\console\midnight\images\scarface.jpg
processed file: C:\Program Files (x86)\i2p\docs\themes\console\midnight\images\tinytitles.png
processed file: C:\Program Files (x86)\i2p\docs\themes\console\midnight\images\titles.png
processed file: C:\Program Files (x86)\i2p\docs\themes\snark\light
processed file: C:\Program Files (x86)\i2p\docs\themes\snark\ubergine
processed file: C:\Program Files (x86)\i2p\docs\themes\snark\vanilla
processed file: C:\Program Files (x86)\i2p\docs\themes\snark\light\favicon.ico
processed file: C:\Program Files (x86)\i2p\docs\themes\snark\light\images
processed file: C:\Program Files (x86)\i2p\docs\themes\snark\light\snark.css
processed file: C:\Program Files (x86)\i2p\docs\themes\snark\light\images\add.png
processed file: C:\Program Files (x86)\i2p\docs\themes\snark\light\images\arrow_refresh.png
processed file: C:\Program Files (x86)\i2p\docs\themes\snark\light\images\complete.png
processed file: C:\Program Files (x86)\i2p\docs\themes\snark\light\images\config.png
processed file: C:\Program Files (x86)\i2p\docs\themes\snark\light\images\configuration.png
processed file: C:\Program Files (x86)\i2p\docs\themes\snark\light\images\control_back_blue.png
processed file: C:\Program Files (x86)\i2p\docs\themes\snark\light\images\control_fastforward_blue.png
processed file: C:\Program Files (x86)\i2p\docs\themes\snark\light\images\control_play_blue.png
processed file: C:\Program Files (x86)\i2p\docs\themes\snark\light\images\control_rewind_blue.png
processed file: C:\Program Files (x86)\i2p\docs\themes\snark\light\images\create.png
processed file: C:\Program Files (x86)\i2p\docs\themes\snark\light\images\delete.png
processed file: C:\Program Files (x86)\i2p\docs\themes\snark\light\images\details.png
processed file: C:\Program Files (x86)\i2p\docs\themes\snark\light\images\downloading.png
processed file: C:\Program Files (x86)\i2p\docs\themes\snark\light\images\eta.png
processed file: C:\Program Files (x86)\i2p\docs\themes\snark\light\images\file.png
processed file: C:\Program Files (x86)\i2p\docs\themes\snark\light\images\head_rx.png
processed file: C:\Program Files (x86)\i2p\docs\themes\snark\light\images\head_rxspeed.png
processed file: C:\Program Files (x86)\i2p\docs\themes\snark\light\images\head_tx.png
processed file: C:\Program Files (x86)\i2p\docs\themes\snark\light\images\head_txspeed.png
processed file: C:\Program Files (x86)\i2p\docs\themes\snark\light\images\hidepeers.png
processed file: C:\Program Files (x86)\i2p\docs\themes\snark\light\images\kitty.png
processed file: C:\Program Files (x86)\i2p\docs\themes\snark\light\images\nopeers.png
processed file: C:\Program Files (x86)\i2p\docs\themes\snark\light\images\priority.png
processed file: C:\Program Files (x86)\i2p\docs\themes\snark\light\images\remove.png
processed file: C:\Program Files (x86)\i2p\docs\themes\snark\light\images\seeding.png
processed file: C:\Program Files (x86)\i2p\docs\themes\snark\light\images\showpeers.png
processed file: C:\Program Files (x86)\i2p\docs\themes\snark\light\images\size.png
processed file: C:\Program Files (x86)\i2p\docs\themes\snark\light\images\snark_add.png
processed file: C:\Program Files (x86)\i2p\docs\themes\snark\light\images\snark_create.png
processed file: C:\Program Files (x86)\i2p\docs\themes\snark\light\images\stalled.png
processed file: C:\Program Files (x86)\i2p\docs\themes\snark\light\images\start.png
processed file: C:\Program Files (x86)\i2p\docs\themes\snark\light\images\start_all.png
processed file: C:\Program Files (x86)\i2p\docs\themes\snark\light\images\status.png
processed file: C:\Program Files (x86)\i2p\docs\themes\snark\light\images\stop.png
processed file: C:\Program Files (x86)\i2p\docs\themes\snark\light\images\stopped.png
processed file: C:\Program Files (x86)\i2p\docs\themes\snark\light\images\stop_all.png
processed file: C:\Program Files (x86)\i2p\docs\themes\snark\light\images\torrent.png
processed file: C:\Program Files (x86)\i2p\docs\themes\snark\light\images\trackererror.png
processed file: C:\Program Files (x86)\i2p\docs\themes\snark\light\images\up.png
processed file: C:\Program Files (x86)\i2p\docs\themes\snark\ubergine\favicon.ico
processed file: C:\Program Files (x86)\i2p\docs\themes\snark\ubergine\images
processed file: C:\Program Files (x86)\i2p\docs\themes\snark\ubergine\snark.css
processed file: C:\Program Files (x86)\i2p\docs\themes\snark\ubergine\images\add.png
processed file: C:\Program Files (x86)\i2p\docs\themes\snark\ubergine\images\arrow_refresh.png
processed file: C:\Program Files (x86)\i2p\docs\themes\snark\ubergine\images\complete.png
processed file: C:\Program Files (x86)\i2p\docs\themes\snark\ubergine\images\config.png
processed file: C:\Program Files (x86)\i2p\docs\themes\snark\ubergine\images\configuration.png
processed file: C:\Program Files (x86)\i2p\docs\themes\snark\ubergine\images\control_back_blue.png
processed file: C:\Program Files (x86)\i2p\docs\themes\snark\ubergine\images\control_fastforward_blue.png
processed file: C:\Program Files (x86)\i2p\docs\themes\snark\ubergine\images\control_play_blue.png
processed file: C:\Program Files (x86)\i2p\docs\themes\snark\ubergine\images\control_rewind_blue.png
processed file: C:\Program Files (x86)\i2p\docs\themes\snark\ubergine\images\create.png
processed file: C:\Program Files (x86)\i2p\docs\themes\snark\ubergine\images\delete.png
processed file: C:\Program Files (x86)\i2p\docs\themes\snark\ubergine\images\details.png
processed file: C:\Program Files (x86)\i2p\docs\themes\snark\ubergine\images\downloading.png
processed file: C:\Program Files (x86)\i2p\docs\themes\snark\ubergine\images\eta.png
processed file: C:\Program Files (x86)\i2p\docs\themes\snark\ubergine\images\file.png
processed file: C:\Program Files (x86)\i2p\docs\themes\snark\ubergine\images\graytile.png
processed file: C:\Program Files (x86)\i2p\docs\themes\snark\ubergine\images\hat.png
processed file: C:\Program Files (x86)\i2p\docs\themes\snark\ubergine\images\head_rx.png
processed file: C:\Program Files (x86)\i2p\docs\themes\snark\ubergine\images\head_rxspeed.png
processed file: C:\Program Files (x86)\i2p\docs\themes\snark\ubergine\images\head_tx.png
processed file: C:\Program Files (x86)\i2p\docs\themes\snark\ubergine\images\head_txspeed.png
processed file: C:\Program Files (x86)\i2p\docs\themes\snark\ubergine\images\hidepeers.png
processed file: C:\Program Files (x86)\i2p\docs\themes\snark\ubergine\images\nopeers.png
processed file: C:\Program Files (x86)\i2p\docs\themes\snark\ubergine\images\priority.png
processed file: C:\Program Files (x86)\i2p\docs\themes\snark\ubergine\images\remove.png
processed file: C:\Program Files (x86)\i2p\docs\themes\snark\ubergine\images\seeding.png
processed file: C:\Program Files (x86)\i2p\docs\themes\snark\ubergine\images\showpeers.png
processed file: C:\Program Files (x86)\i2p\docs\themes\snark\ubergine\images\size.png
processed file: C:\Program Files (x86)\i2p\docs\themes\snark\ubergine\images\snarknav.png
processed file: C:\Program Files (x86)\i2p\docs\themes\snark\ubergine\images\snarknav_lowlight.png
processed file: C:\Program Files (x86)\i2p\docs\themes\snark\ubergine\images\snarknav_on.png
processed file: C:\Program Files (x86)\i2p\docs\themes\snark\ubergine\images\snarktopnav.png
processed file: C:\Program Files (x86)\i2p\docs\themes\snark\ubergine\images\snark_add.png
processed file: C:\Program Files (x86)\i2p\docs\themes\snark\ubergine\images\snark_create.png
processed file: C:\Program Files (x86)\i2p\docs\themes\snark\ubergine\images\stalled.png
processed file: C:\Program Files (x86)\i2p\docs\themes\snark\ubergine\images\start.png
processed file: C:\Program Files (x86)\i2p\docs\themes\snark\ubergine\images\start_all.png
processed file: C:\Program Files (x86)\i2p\docs\themes\snark\ubergine\images\status.png
processed file: C:\Program Files (x86)\i2p\docs\themes\snark\ubergine\images\stop.png
processed file: C:\Program Files (x86)\i2p\docs\themes\snark\ubergine\images\stopped.png
processed file: C:\Program Files (x86)\i2p\docs\themes\snark\ubergine\images\stop_all.png
processed file: C:\Program Files (x86)\i2p\docs\themes\snark\ubergine\images\tile2.png
processed file: C:\Program Files (x86)\i2p\docs\themes\snark\ubergine\images\torrent.png
processed file: C:\Program Files (x86)\i2p\docs\themes\snark\ubergine\images\trackererror.png
processed file: C:\Program Files (x86)\i2p\docs\themes\snark\ubergine\images\up.png
processed file: C:\Program Files (x86)\i2p\docs\themes\snark\vanilla\favicon.ico
processed file: C:\Program Files (x86)\i2p\docs\themes\snark\vanilla\images
processed file: C:\Program Files (x86)\i2p\docs\themes\snark\vanilla\snark.css
processed file: C:\Program Files (x86)\i2p\docs\themes\snark\vanilla\images\add.png
processed file: C:\Program Files (x86)\i2p\docs\themes\snark\vanilla\images\arrow_refresh.png
processed file: C:\Program Files (x86)\i2p\docs\themes\snark\vanilla\images\bling.png
processed file: C:\Program Files (x86)\i2p\docs\themes\snark\vanilla\images\bling2.png
processed file: C:\Program Files (x86)\i2p\docs\themes\snark\vanilla\images\complete.png
processed file: C:\Program Files (x86)\i2p\docs\themes\snark\vanilla\images\config.png
processed file: C:\Program Files (x86)\i2p\docs\themes\snark\vanilla\images\control_back_blue.png
processed file: C:\Program Files (x86)\i2p\docs\themes\snark\vanilla\images\control_fastforward_blue.png
processed file: C:\Program Files (x86)\i2p\docs\themes\snark\vanilla\images\control_play_blue.png
processed file: C:\Program Files (x86)\i2p\docs\themes\snark\vanilla\images\control_rewind_blue.png
processed file: C:\Program Files (x86)\i2p\docs\themes\snark\vanilla\images\create.png
processed file: C:\Program Files (x86)\i2p\docs\themes\snark\vanilla\images\delete.png
processed file: C:\Program Files (x86)\i2p\docs\themes\snark\vanilla\images\details.png
processed file: C:\Program Files (x86)\i2p\docs\themes\snark\vanilla\images\downloading.png
processed file: C:\Program Files (x86)\i2p\docs\themes\snark\vanilla\images\eta.png
processed file: C:\Program Files (x86)\i2p\docs\themes\snark\vanilla\images\file.png
processed file: C:\Program Files (x86)\i2p\docs\themes\snark\vanilla\images\graytile.png
processed file: C:\Program Files (x86)\i2p\docs\themes\snark\vanilla\images\hat.png
processed file: C:\Program Files (x86)\i2p\docs\themes\snark\vanilla\images\head_rx.png
processed file: C:\Program Files (x86)\i2p\docs\themes\snark\vanilla\images\head_rxspeed.png
processed file: C:\Program Files (x86)\i2p\docs\themes\snark\vanilla\images\head_tx.png
processed file: C:\Program Files (x86)\i2p\docs\themes\snark\vanilla\images\head_txspeed.png
processed file: C:\Program Files (x86)\i2p\docs\themes\snark\vanilla\images\hidepeers.png
processed file: C:\Program Files (x86)\i2p\docs\themes\snark\vanilla\images\nopeers.png
processed file: C:\Program Files (x86)\i2p\docs\themes\snark\vanilla\images\noseeds.png
processed file: C:\Program Files (x86)\i2p\docs\themes\snark\vanilla\images\priority.png
processed file: C:\Program Files (x86)\i2p\docs\themes\snark\vanilla\images\remove.png
processed file: C:\Program Files (x86)\i2p\docs\themes\snark\vanilla\images\seeding.png
processed file: C:\Program Files (x86)\i2p\docs\themes\snark\vanilla\images\showpeers.png
processed file: C:\Program Files (x86)\i2p\docs\themes\snark\vanilla\images\size.png
processed file: C:\Program Files (x86)\i2p\docs\themes\snark\vanilla\images\snark_add.png
processed file: C:\Program Files (x86)\i2p\docs\themes\snark\vanilla\images\snark_create.png
processed file: C:\Program Files (x86)\i2p\docs\themes\snark\vanilla\images\stalled.png
processed file: C:\Program Files (x86)\i2p\docs\themes\snark\vanilla\images\start.png
processed file: C:\Program Files (x86)\i2p\docs\themes\snark\vanilla\images\start_all.png
processed file: C:\Program Files (x86)\i2p\docs\themes\snark\vanilla\images\status.png
processed file: C:\Program Files (x86)\i2p\docs\themes\snark\vanilla\images\stop.png
processed file: C:\Program Files (x86)\i2p\docs\themes\snark\vanilla\images\stopped.png
processed file: C:\Program Files (x86)\i2p\docs\themes\snark\vanilla\images\stop_all.png
processed file: C:\Program Files (x86)\i2p\docs\themes\snark\vanilla\images\tile2.png
processed file: C:\Program Files (x86)\i2p\docs\themes\snark\vanilla\images\torrent.png
processed file: C:\Program Files (x86)\i2p\docs\themes\snark\vanilla\images\trackererror.png
processed file: C:\Program Files (x86)\i2p\docs\themes\snark\vanilla\images\up.png
processed file: C:\Program Files (x86)\i2p\docs\themes\susidns\dark
processed file: C:\Program Files (x86)\i2p\docs\themes\susidns\images
processed file: C:\Program Files (x86)\i2p\docs\themes\susidns\light
processed file: C:\Program Files (x86)\i2p\docs\themes\susidns\midnight
processed file: C:\Program Files (x86)\i2p\docs\themes\susidns\dark\susidns.css
processed file: C:\Program Files (x86)\i2p\docs\themes\susidns\images\how.svg
processed file: C:\Program Files (x86)\i2p\docs\themes\susidns\light\images
processed file: C:\Program Files (x86)\i2p\docs\themes\susidns\light\susidns.css
processed file: C:\Program Files (x86)\i2p\docs\themes\susidns\light\images\logo.png
processed file: C:\Program Files (x86)\i2p\docs\themes\susidns\midnight\susidns.css
processed file: C:\Program Files (x86)\i2p\docs\themes\susimail\dark
processed file: C:\Program Files (x86)\i2p\docs\themes\susimail\light
processed file: C:\Program Files (x86)\i2p\docs\themes\susimail\dark\images
processed file: C:\Program Files (x86)\i2p\docs\themes\susimail\dark\mobile.css
processed file: C:\Program Files (x86)\i2p\docs\themes\susimail\dark\susimail.css
processed file: C:\Program Files (x86)\i2p\docs\themes\susimail\dark\images\3down.png
processed file: C:\Program Files (x86)\i2p\docs\themes\susimail\dark\images\3up.png
processed file: C:\Program Files (x86)\i2p\docs\themes\susimail\light\images
processed file: C:\Program Files (x86)\i2p\docs\themes\susimail\light\mobile.css
processed file: C:\Program Files (x86)\i2p\docs\themes\susimail\light\susimail.css
processed file: C:\Program Files (x86)\i2p\docs\themes\susimail\light\images\3down.png
processed file: C:\Program Files (x86)\i2p\docs\themes\susimail\light\images\3up.png
processed file: C:\Program Files (x86)\i2p\docs\themes\susimail\light\images\susimail.png
processed file: C:\Program Files (x86)\i2p\eepsite\cgi-bin
processed file: C:\Program Files (x86)\i2p\eepsite\contexts
processed file: C:\Program Files (x86)\i2p\eepsite\docroot
processed file: C:\Program Files (x86)\i2p\eepsite\etc
processed file: C:\Program Files (x86)\i2p\eepsite\jetty-jmx.xml
processed file: C:\Program Files (x86)\i2p\eepsite\jetty-rewrite.xml
processed file: C:\Program Files (x86)\i2p\eepsite\jetty-ssl.xml
processed file: C:\Program Files (x86)\i2p\eepsite\jetty.xml
processed file: C:\Program Files (x86)\i2p\eepsite\logs
processed file: C:\Program Files (x86)\i2p\eepsite\webapps
processed file: C:\Program Files (x86)\i2p\eepsite\contexts\base-context.xml
processed file: C:\Program Files (x86)\i2p\eepsite\contexts\cgi-context.xml
processed file: C:\Program Files (x86)\i2p\eepsite\docroot\favicon.ico
processed file: C:\Program Files (x86)\i2p\eepsite\docroot\help
processed file: C:\Program Files (x86)\i2p\eepsite\docroot\index.html
processed file: C:\Program Files (x86)\i2p\eepsite\docroot\robots.txt
processed file: C:\Program Files (x86)\i2p\eepsite\docroot\help\index.html
processed file: C:\Program Files (x86)\i2p\eepsite\docroot\help\index_de.html
processed file: C:\Program Files (x86)\i2p\eepsite\docroot\help\index_es.html
processed file: C:\Program Files (x86)\i2p\eepsite\docroot\help\index_fr.html
processed file: C:\Program Files (x86)\i2p\eepsite\docroot\help\index_na.html
processed file: C:\Program Files (x86)\i2p\eepsite\docroot\help\index_nl.html
processed file: C:\Program Files (x86)\i2p\eepsite\docroot\help\index_ru.html
processed file: C:\Program Files (x86)\i2p\eepsite\docroot\help\index_sv.html
processed file: C:\Program Files (x86)\i2p\eepsite\docroot\help\index_zh.html
processed file: C:\Program Files (x86)\i2p\eepsite\docroot\help\lib
processed file: C:\Program Files (x86)\i2p\eepsite\docroot\help\pagetemplate.html
processed file: C:\Program Files (x86)\i2p\eepsite\docroot\help\lib\bg.png
processed file: C:\Program Files (x86)\i2p\eepsite\docroot\help\lib\brown.png
processed file: C:\Program Files (x86)\i2p\eepsite\docroot\help\lib\cn.png
processed file: C:\Program Files (x86)\i2p\eepsite\docroot\help\lib\de.png
processed file: C:\Program Files (x86)\i2p\eepsite\docroot\help\lib\eepsite.css
processed file: C:\Program Files (x86)\i2p\eepsite\docroot\help\lib\es.png
processed file: C:\Program Files (x86)\i2p\eepsite\docroot\help\lib\fr.png
processed file: C:\Program Files (x86)\i2p\eepsite\docroot\help\lib\h2bg.png
processed file: C:\Program Files (x86)\i2p\eepsite\docroot\help\lib\ir.png
processed file: C:\Program Files (x86)\i2p\eepsite\docroot\help\lib\it.png
processed file: C:\Program Files (x86)\i2p\eepsite\docroot\help\lib\itoopie.png
processed file: C:\Program Files (x86)\i2p\eepsite\docroot\help\lib\jp.png
processed file: C:\Program Files (x86)\i2p\eepsite\docroot\help\lib\nl.png
processed file: C:\Program Files (x86)\i2p\eepsite\docroot\help\lib\ru.png
processed file: C:\Program Files (x86)\i2p\eepsite\docroot\help\lib\se.png
processed file: C:\Program Files (x86)\i2p\eepsite\docroot\help\lib\us.png
processed file: C:\Program Files (x86)\i2p\eepsite\etc\realm.properties
processed file: C:\Program Files (x86)\i2p\eepsite\etc\webdefault.xml
processed file: C:\Program Files (x86)\i2p\geoip\continents.txt
processed file: C:\Program Files (x86)\i2p\geoip\countries.txt
processed file: C:\Program Files (x86)\i2p\geoip\geoip.txt
processed file: C:\Program Files (x86)\i2p\geoip\geoipv6.dat.gz
processed file: C:\Program Files (x86)\i2p\icons\iggy.ico
processed file: C:\Program Files (x86)\i2p\icons\iggy.xpm
processed file: C:\Program Files (x86)\i2p\lib\BOB.jar
processed file: C:\Program Files (x86)\i2p\lib\commons-el.jar
processed file: C:\Program Files (x86)\i2p\lib\commons-logging.jar
processed file: C:\Program Files (x86)\i2p\lib\desktopgui.jar
processed file: C:\Program Files (x86)\i2p\lib\i2p.jar
processed file: C:\Program Files (x86)\i2p\lib\i2psnark.jar
processed file: C:\Program Files (x86)\i2p\lib\i2ptunnel.jar
processed file: C:\Program Files (x86)\i2p\lib\jasper-compiler.jar
processed file: C:\Program Files (x86)\i2p\lib\jasper-runtime.jar
processed file: C:\Program Files (x86)\i2p\lib\javax.servlet.jar
processed file: C:\Program Files (x86)\i2p\lib\jbigi.jar
processed file: C:\Program Files (x86)\i2p\lib\jetty-continuation.jar
processed file: C:\Program Files (x86)\i2p\lib\jetty-deploy.jar
processed file: C:\Program Files (x86)\i2p\lib\jetty-http.jar
processed file: C:\Program Files (x86)\i2p\lib\jetty-i2p.jar
processed file: C:\Program Files (x86)\i2p\lib\jetty-io.jar
processed file: C:\Program Files (x86)\i2p\lib\jetty-java5-threadpool.jar
processed file: C:\Program Files (x86)\i2p\lib\jetty-rewrite-handler.jar
processed file: C:\Program Files (x86)\i2p\lib\jetty-security.jar
processed file: C:\Program Files (x86)\i2p\lib\jetty-servlet.jar
processed file: C:\Program Files (x86)\i2p\lib\jetty-servlets.jar
processed file: C:\Program Files (x86)\i2p\lib\jetty-sslengine.jar
processed file: C:\Program Files (x86)\i2p\lib\jetty-start.jar
processed file: C:\Program Files (x86)\i2p\lib\jetty-util.jar
processed file: C:\Program Files (x86)\i2p\lib\jetty-webapp.jar
processed file: C:\Program Files (x86)\i2p\lib\jetty-xml.jar
processed file: C:\Program Files (x86)\i2p\lib\jrobin.jar
processed file: C:\Program Files (x86)\i2p\lib\jstl.jar
processed file: C:\Program Files (x86)\i2p\lib\mstreaming.jar
processed file: C:\Program Files (x86)\i2p\lib\org.mortbay.jetty.jar
processed file: C:\Program Files (x86)\i2p\lib\org.mortbay.jmx.jar
processed file: C:\Program Files (x86)\i2p\lib\router.jar
processed file: C:\Program Files (x86)\i2p\lib\routerconsole.jar
processed file: C:\Program Files (x86)\i2p\lib\sam.jar
processed file: C:\Program Files (x86)\i2p\lib\standard.jar
processed file: C:\Program Files (x86)\i2p\lib\streaming.jar
processed file: C:\Program Files (x86)\i2p\lib\systray.jar
processed file: C:\Program Files (x86)\i2p\lib\systray4j.dll
processed file: C:\Program Files (x86)\i2p\lib\systray4j.jar
processed file: C:\Program Files (x86)\i2p\lib\wrapper.dll
processed file: C:\Program Files (x86)\i2p\lib\wrapper.jar
processed file: C:\Program Files (x86)\i2p\licenses\ABOUT-Jetty.html
processed file: C:\Program Files (x86)\i2p\licenses\COPYING-BOB.txt
processed file: C:\Program Files (x86)\i2p\licenses\LICENSE-Addressbook.txt
processed file: C:\Program Files (x86)\i2p\licenses\LICENSE-Apache2.0.txt
processed file: C:\Program Files (x86)\i2p\licenses\LICENSE-BlockFile.txt
processed file: C:\Program Files (x86)\i2p\licenses\LICENSE-BSD.txt
processed file: C:\Program Files (x86)\i2p\licenses\LICENSE-Cryptix.txt
processed file: C:\Program Files (x86)\i2p\licenses\LICENSE-DesktopGUI.txt
processed file: C:\Program Files (x86)\i2p\licenses\LICENSE-ECLIPSE-1.0.html
processed file: C:\Program Files (x86)\i2p\licenses\LICENSE-ElGamalDSA.txt
processed file: C:\Program Files (x86)\i2p\licenses\LICENSE-FatCowIcons.txt
processed file: C:\Program Files (x86)\i2p\licenses\LICENSE-Foxtrot.txt
processed file: C:\Program Files (x86)\i2p\licenses\LICENSE-GeoIP.txt
processed file: C:\Program Files (x86)\i2p\licenses\LICENSE-GPLv2.txt
processed file: C:\Program Files (x86)\i2p\licenses\LICENSE-GPLv3.txt
processed file: C:\Program Files (x86)\i2p\licenses\LICENSE-HashCash.txt
processed file: C:\Program Files (x86)\i2p\licenses\LICENSE-I2PTunnel.txt
processed file: C:\Program Files (x86)\i2p\licenses\LICENSE-Identicon.txt
processed file: C:\Program Files (x86)\i2p\licenses\LICENSE-InstallCert.txt
processed file: C:\Program Files (x86)\i2p\licenses\LICENSE-JGoodies-Forms.txt
processed file: C:\Program Files (x86)\i2p\licenses\LICENSE-JGoodies-Looks.txt
processed file: C:\Program Files (x86)\i2p\licenses\LICENSE-Launch4j.txt
processed file: C:\Program Files (x86)\i2p\licenses\LICENSE-LGPLv2.1.txt
processed file: C:\Program Files (x86)\i2p\licenses\LICENSE-LGPLv3.txt
processed file: C:\Program Files (x86)\i2p\licenses\LICENSE-Ministreaming.txt
processed file: C:\Program Files (x86)\i2p\licenses\LICENSE-SHA256.txt
processed file: C:\Program Files (x86)\i2p\licenses\LICENSE-SilkIcons.txt
processed file: C:\Program Files (x86)\i2p\licenses\LICENSE-SNTP.txt
processed file: C:\Program Files (x86)\i2p\licenses\LICENSE-UPnP.txt
processed file: C:\Program Files (x86)\i2p\licenses\LICENSE-Wrapper.txt
processed file: C:\Program Files (x86)\i2p\licenses\LICENSE-XStream.txt
processed file: C:\Program Files (x86)\i2p\licenses\NOTICE-Commons-Logging.txt
processed file: C:\Program Files (x86)\i2p\licenses\NOTICE-Jetty.html
processed file: C:\Program Files (x86)\i2p\licenses\NOTICE-Tomcat.txt
processed file: C:\Program Files (x86)\i2p\scripts\home.i2p.i2prouter
processed file: C:\Program Files (x86)\i2p\scripts\i2pProxy.pac
processed file: C:\Program Files (x86)\i2p\webapps\addressbook.war
processed file: C:\Program Files (x86)\i2p\webapps\i2psnark.war
processed file: C:\Program Files (x86)\i2p\webapps\i2ptunnel.war
processed file: C:\Program Files (x86)\i2p\webapps\imagegen.war
processed file: C:\Program Files (x86)\i2p\webapps\routerconsole.war
processed file: C:\Program Files (x86)\i2p\webapps\susidns.war
processed file: C:\Program Files (x86)\i2p\webapps\susimail.war
Successfully processed 830 files; Failed processing 0 files
